<?xml version="1.0" encoding="UTF-8"?>
<!-- Generated by org.testng.reporters.JUnitReportReporter -->
<testsuite hostname="INPUNSSAKORE01" failures="0" tests="1" name="afterTest.Recurring_deposit" time="0.051" errors="0" timestamp="2023-09-05T15:47:13 IST" skipped="0">
  <testcase classname="afterTest.Recurring_deposit" name="recurring_deposit" time="0.051"/>
</testsuite> <!-- afterTest.Recurring_deposit -->
