<?xml version="1.0" encoding="UTF-8"?>
<!-- Generated by org.testng.reporters.JUnitReportReporter -->
<testsuite hostname="INPUNSSAKORE01" failures="0" tests="1" name="afterSuite.Module2" time="0.001" errors="0" timestamp="2023-09-05T15:35:24 IST" skipped="0">
  <testcase classname="afterSuite.Module2" name="c_test" time="0.001"/>
</testsuite> <!-- afterSuite.Module2 -->
