<?xml version="1.0" encoding="UTF-8"?>
<!-- Generated by org.testng.reporters.JUnitReportReporter -->
<testsuite hostname="INPUNSSAKORE02" failures="0" tests="3" name="testNG.Personal_loan" time="0.006" errors="0" timestamp="2023-09-08T11:24:56 IST" skipped="0">
  <testcase classname="testNG.Personal_loan" name="MobileLoginPersonalLoan" time="0.002"/>
  <testcase classname="testNG.Personal_loan" name="WebLoginPersonalLoan" time="0.003"/>
  <testcase classname="testNG.Personal_loan" name="APILoginPersonalLoan" time="0.001"/>
</testsuite> <!-- testNG.Personal_loan -->
