<?xml version="1.0" encoding="UTF-8"?>
<!-- Generated by org.testng.reporters.JUnitReportReporter -->
<testsuite hostname="INPUNSSAKORE01" failures="0" tests="2" name="afterTest.Fixed_deposit" time="0.011" errors="0" timestamp="2023-09-05T15:47:13 IST" skipped="0">
  <testcase classname="afterTest.Fixed_deposit" name="roi" time="0.006"/>
  <testcase classname="afterTest.Fixed_deposit" name="fixed_deposit" time="0.005"/>
</testsuite> <!-- afterTest.Fixed_deposit -->
