<?xml version="1.0" encoding="UTF-8"?>
<!-- Generated by org.testng.reporters.JUnitReportReporter -->
<testsuite hostname="INPUNSSAKORE01" failures="0" tests="2" name="afterSuite.Module1" time="0.014" errors="0" timestamp="2023-09-05T15:35:24 IST" skipped="0">
  <testcase classname="afterSuite.Module1" name="a_test" time="0.011"/>
  <testcase classname="afterSuite.Module1" name="b_test" time="0.003"/>
</testsuite> <!-- afterSuite.Module1 -->
