<?xml version="1.0" encoding="UTF-8"?>
<!-- Generated by org.testng.reporters.JUnitReportReporter -->
<testsuite hostname="INPUNSSAKORE01" failures="0" tests="1" name="BeforeSuite.Personal_loan" time="0.006" errors="0" timestamp="2023-09-05T15:30:52 IST" skipped="0">
  <testcase classname="BeforeSuite.Personal_loan" name="personal_loan" time="0.006"/>
</testsuite> <!-- BeforeSuite.Personal_loan -->
