<?xml version="1.0" encoding="UTF-8"?>
<!-- Generated by org.testng.reporters.JUnitReportReporter -->
<testsuite hostname="INPUNSSAKORE01" failures="0" tests="1" name="BeforeSuite.Car_loan" time="0.001" errors="0" timestamp="2023-09-05T15:30:52 IST" skipped="0">
  <testcase classname="BeforeSuite.Car_loan" name="car_loan" time="0.001"/>
</testsuite> <!-- BeforeSuite.Car_loan -->
