<?xml version="1.0" encoding="UTF-8"?>
<!-- Generated by org.testng.reporters.JUnitReportReporter -->
<testsuite hostname="INPUNSSAKORE02" failures="0" tests="1" name="testNG.Home_loan" time="0.015" errors="0" timestamp="2023-09-08T11:24:56 IST" skipped="0">
  <testcase classname="testNG.Home_loan" name="WebLoginHomeLoan" time="0.015"/>
</testsuite> <!-- testNG.Home_loan -->
