<?xml version="1.0" encoding="UTF-8"?>
<!-- Generated by org.testng.reporters.JUnitReportReporter -->
<testsuite hostname="INPUNSSAKORE02" failures="0" tests="3" name="testNG.Car_loan" time="0.004" errors="0" timestamp="2023-09-08T11:24:56 IST" skipped="0">
  <testcase classname="testNG.Car_loan" name="APILoginCarLoan" time="0.001"/>
  <testcase classname="testNG.Car_loan" name="WebLoginCarLoan" time="0.001"/>
  <testcase classname="testNG.Car_loan" name="MobileLoginCarLoan" time="0.002"/>
</testsuite> <!-- testNG.Car_loan -->
