<?xml version="1.0" encoding="UTF-8"?>
<!-- Generated by org.testng.reporters.JUnitReportReporter -->
<testsuite hostname="INPUNSSAKORE01" failures="0" tests="3" name="beforeTest.hr_department" time="0.019" errors="0" timestamp="2023-09-05T15:41:23 IST" skipped="0">
  <testcase classname="beforeTest.hr_department" name="counsellor" time="0.014"/>
  <testcase classname="beforeTest.hr_department" name="manager" time="0.003"/>
  <testcase classname="beforeTest.hr_department" name="hr" time="0.002"/>
</testsuite> <!-- beforeTest.hr_department -->
