<?xml version="1.0" encoding="UTF-8"?>
<!-- Generated by org.testng.reporters.JUnitReportReporter -->
<testsuite hostname="INPUNSSAKORE01" failures="0" tests="3" name="beforeTest.it_department" time="0.012" errors="0" timestamp="2023-09-05T15:41:23 IST" skipped="0">
  <testcase classname="beforeTest.it_department" name="software_testers" time="0.004"/>
  <testcase classname="beforeTest.it_department" name="qa_analyst" time="0.005"/>
  <testcase classname="beforeTest.it_department" name="software_developers" time="0.003"/>
</testsuite> <!-- beforeTest.it_department -->
